# JRE version: Java(TM) SE Runtime Environment (8.0_171-b11) (build 1.8.0_171-b11)
# Java VM: Java HotSpot(TM) 64-Bit Server VM (25.171-b11 mixed mode linux-amd64 compressed oops)
Heap:
 PSYoungGen      total 187904K, used 0K [0x00000000eab00000, 0x00000000f8880000, 0x0000000100000000)
  eden space 166400K, 0% used [0x00000000eab00000,0x00000000eab00000,0x00000000f4d80000)
  from space 21504K, 0% used [0x00000000f6280000,0x00000000f6280000,0x00000000f7780000)
  to   space 21504K, 0% used [0x00000000f4d80000,0x00000000f4d80000,0x00000000f6280000)
 ParOldGen       total 425472K, used 31124K [0x00000000c0000000, 0x00000000d9f80000, 0x00000000eab00000)
  object space 425472K, 7% used [0x00000000c0000000,0x00000000c1e65300,0x00000000d9f80000)
 Metaspace       used 54058K, capacity 59114K, committed 59160K, reserved 1101824K
  class space    used 7411K, capacity 7706K, committed 7720K, reserved 1048576K
GC Heap History (10 events):
Event: 7,439 GC heap after
Heap after GC invocations=2 (full 1):
 PSYoungGen      total 153088K, used 0K [0x00000000eab00000, 0x00000000f5580000, 0x0000000100000000)
  eden space 131584K, 0% used [0x00000000eab00000,0x00000000eab00000,0x00000000f2b80000)
  from space 21504K, 0% used [0x00000000f2b80000,0x00000000f2b80000,0x00000000f4080000)
  to   space 21504K, 0% used [0x00000000f4080000,0x00000000f4080000,0x00000000f5580000)
 ParOldGen       total 349696K, used 14391K [0x00000000c0000000, 0x00000000d5580000, 0x00000000eab00000)
  object space 349696K, 4% used [0x00000000c0000000,0x00000000c0e0dcd0,0x00000000d5580000)
 Metaspace       used 20548K, capacity 21156K, committed 21296K, reserved 1067008K
  class space    used 2814K, capacity 2932K, committed 2944K, reserved 1048576K
}
Event: 11,839 GC heap before
{Heap before GC invocations=3 (full 1):
 PSYoungGen      total 153088K, used 90395K [0x00000000eab00000, 0x00000000f5580000, 0x0000000100000000)
  eden space 131584K, 68% used [0x00000000eab00000,0x00000000f0346cc0,0x00000000f2b80000)
  from space 21504K, 0% used [0x00000000f2b80000,0x00000000f2b80000,0x00000000f4080000)
  to   space 21504K, 0% used [0x00000000f4080000,0x00000000f4080000,0x00000000f5580000)
 ParOldGen       total 349696K, used 14391K [0x00000000c0000000, 0x00000000d5580000, 0x00000000eab00000)
  object space 349696K, 4% used [0x00000000c0000000,0x00000000c0e0dcd0,0x00000000d5580000)
 Metaspace       used 33828K, capacity 35462K, committed 35496K, reserved 1079296K
  class space    used 4788K, capacity 4999K, committed 5032K, reserved 1048576K
Event: 11,854 GC heap after
Heap after GC invocations=3 (full 1):
 PSYoungGen      total 153088K, used 13630K [0x00000000eab00000, 0x00000000f7600000, 0x0000000100000000)
  eden space 131584K, 0% used [0x00000000eab00000,0x00000000eab00000,0x00000000f2b80000)
  from space 21504K, 63% used [0x00000000f4080000,0x00000000f4dcfa88,0x00000000f5580000)
  to   space 21504K, 0% used [0x00000000f2b80000,0x00000000f2b80000,0x00000000f4080000)
 ParOldGen       total 349696K, used 14399K [0x00000000c0000000, 0x00000000d5580000, 0x00000000eab00000)
  object space 349696K, 4% used [0x00000000c0000000,0x00000000c0e0fcd0,0x00000000d5580000)
 Metaspace       used 33828K, capacity 35462K, committed 35496K, reserved 1079296K
  class space    used 4788K, capacity 4999K, committed 5032K, reserved 1048576K
}
Event: 11,854 GC heap before
{Heap before GC invocations=4 (full 2):
 PSYoungGen      total 153088K, used 13630K [0x00000000eab00000, 0x00000000f7600000, 0x0000000100000000)
  eden space 131584K, 0% used [0x00000000eab00000,0x00000000eab00000,0x00000000f2b80000)
  from space 21504K, 63% used [0x00000000f4080000,0x00000000f4dcfa88,0x00000000f5580000)
  to   space 21504K, 0% used [0x00000000f2b80000,0x00000000f2b80000,0x00000000f4080000)
 ParOldGen       total 349696K, used 14399K [0x00000000c0000000, 0x00000000d5580000, 0x00000000eab00000)
  object space 349696K, 4% used [0x00000000c0000000,0x00000000c0e0fcd0,0x00000000d5580000)
 Metaspace       used 33828K, capacity 35462K, committed 35496K, reserved 1079296K
  class space    used 4788K, capacity 4999K, committed 5032K, reserved 1048576K
Event: 11,918 GC heap after
Heap after GC invocations=4 (full 2):
 PSYoungGen      total 153088K, used 0K [0x00000000eab00000, 0x00000000f7600000, 0x0000000100000000)
  eden space 131584K, 0% used [0x00000000eab00000,0x00000000eab00000,0x00000000f2b80000)
  from space 21504K, 0% used [0x00000000f4080000,0x00000000f4080000,0x00000000f5580000)
  to   space 21504K, 0% used [0x00000000f2b80000,0x00000000f2b80000,0x00000000f4080000)
 ParOldGen       total 425472K, used 18551K [0x00000000c0000000, 0x00000000d9f80000, 0x00000000eab00000)
  object space 425472K, 4% used [0x00000000c0000000,0x00000000c121de80,0x00000000d9f80000)
 Metaspace       used 33828K, capacity 35462K, committed 35496K, reserved 1079296K
  class space    used 4788K, capacity 4999K, committed 5032K, reserved 1048576K
}
Event: 16,064 GC heap before
{Heap before GC invocations=5 (full 2):
 PSYoungGen      total 153088K, used 131584K [0x00000000eab00000, 0x00000000f7600000, 0x0000000100000000)
  eden space 131584K, 100% used [0x00000000eab00000,0x00000000f2b80000,0x00000000f2b80000)
  from space 21504K, 0% used [0x00000000f4080000,0x00000000f4080000,0x00000000f5580000)
  to   space 21504K, 0% used [0x00000000f2b80000,0x00000000f2b80000,0x00000000f4080000)
 ParOldGen       total 425472K, used 18551K [0x00000000c0000000, 0x00000000d9f80000, 0x00000000eab00000)
  object space 425472K, 4% used [0x00000000c0000000,0x00000000c121de80,0x00000000d9f80000)
 Metaspace       used 49825K, capacity 53244K, committed 53544K, reserved 1095680K
  class space    used 6624K, capacity 6883K, committed 6952K, reserved 1048576K
Event: 16,089 GC heap after
Heap after GC invocations=5 (full 2):
 PSYoungGen      total 153088K, used 21486K [0x00000000eab00000, 0x00000000f7780000, 0x0000000100000000)
  eden space 131584K, 0% used [0x00000000eab00000,0x00000000eab00000,0x00000000f2b80000)
  from space 21504K, 99% used [0x00000000f2b80000,0x00000000f407bbb8,0x00000000f4080000)
  to   space 21504K, 0% used [0x00000000f6280000,0x00000000f6280000,0x00000000f7780000)
 ParOldGen       total 425472K, used 24835K [0x00000000c0000000, 0x00000000d9f80000, 0x00000000eab00000)
  object space 425472K, 5% used [0x00000000c0000000,0x00000000c1840fa0,0x00000000d9f80000)
 Metaspace       used 49825K, capacity 53244K, committed 53544K, reserved 1095680K
  class space    used 6624K, capacity 6883K, committed 6952K, reserved 1048576K
}
Event: 17,693 GC heap before
{Heap before GC invocations=6 (full 2):
 PSYoungGen      total 153088K, used 57846K [0x00000000eab00000, 0x00000000f7780000, 0x0000000100000000)
  eden space 131584K, 27% used [0x00000000eab00000,0x00000000ece82028,0x00000000f2b80000)
  from space 21504K, 99% used [0x00000000f2b80000,0x00000000f407bbb8,0x00000000f4080000)
  to   space 21504K, 0% used [0x00000000f6280000,0x00000000f6280000,0x00000000f7780000)
 ParOldGen       total 425472K, used 24835K [0x00000000c0000000, 0x00000000d9f80000, 0x00000000eab00000)
  object space 425472K, 5% used [0x00000000c0000000,0x00000000c1840fa0,0x00000000d9f80000)
 Metaspace       used 54064K, capacity 59126K, committed 59160K, reserved 1101824K
  class space    used 7412K, capacity 7710K, committed 7720K, reserved 1048576K
Event: 17,724 GC heap after
Heap after GC invocations=6 (full 2):
 PSYoungGen      total 187904K, used 20840K [0x00000000eab00000, 0x00000000f8880000, 0x0000000100000000)
  eden space 166400K, 0% used [0x00000000eab00000,0x00000000eab00000,0x00000000f4d80000)
  from space 21504K, 96% used [0x00000000f6280000,0x00000000f76da3a0,0x00000000f7780000)
  to   space 21504K, 0% used [0x00000000f4d80000,0x00000000f4d80000,0x00000000f6280000)
 ParOldGen       total 425472K, used 24843K [0x00000000c0000000, 0x00000000d9f80000, 0x00000000eab00000)
  object space 425472K, 5% used [0x00000000c0000000,0x00000000c1842fa0,0x00000000d9f80000)
 Metaspace       used 54064K, capacity 59126K, committed 59160K, reserved 1101824K
  class space    used 7412K, capacity 7710K, committed 7720K, reserved 1048576K
}
Event: 17,724 GC heap before
{Heap before GC invocations=7 (full 3):
 PSYoungGen      total 187904K, used 20840K [0x00000000eab00000, 0x00000000f8880000, 0x0000000100000000)
  eden space 166400K, 0% used [0x00000000eab00000,0x00000000eab00000,0x00000000f4d80000)
  from space 21504K, 96% used [0x00000000f6280000,0x00000000f76da3a0,0x00000000f7780000)
  to   space 21504K, 0% used [0x00000000f4d80000,0x00000000f4d80000,0x00000000f6280000)
 ParOldGen       total 425472K, used 24843K [0x00000000c0000000, 0x00000000d9f80000, 0x00000000eab00000)
  object space 425472K, 5% used [0x00000000c0000000,0x00000000c1842fa0,0x00000000d9f80000)
 Metaspace       used 54064K, capacity 59126K, committed 59160K, reserved 1101824K
  class space    used 7412K, capacity 7710K, committed 7720K, reserved 1048576K

