# JRE version: Java(TM) SE Runtime Environment (8.0_171-b11) (build 1.8.0_171-b11)
# Java VM: Java HotSpot(TM) 64-Bit Server VM (25.171-b11 mixed mode linux-amd64 compressed oops)
Heap:
 PSYoungGen      total 267776K, used 16865K [0x00000000eab00000, 0x00000000fce80000, 0x0000000100000000)
  eden space 237056K, 0% used [0x00000000eab00000,0x00000000eab00000,0x00000000f9280000)
  from space 30720K, 54% used [0x00000000fb080000,0x00000000fc0f8738,0x00000000fce80000)
  to   space 28672K, 0% used [0x00000000f9280000,0x00000000f9280000,0x00000000fae80000)
 ParOldGen       total 349696K, used 36758K [0x00000000c0000000, 0x00000000d5580000, 0x00000000eab00000)
  object space 349696K, 10% used [0x00000000c0000000,0x00000000c23e58f0,0x00000000d5580000)
 Metaspace       used 71904K, capacity 80458K, committed 80792K, reserved 1120256K
  class space    used 9839K, capacity 10306K, committed 10408K, reserved 1048576K
GC Heap History (10 events):
Event: 17,508 GC heap after
Heap after GC invocations=8 (full 3):
 PSYoungGen      total 183296K, used 8965K [0x00000000eab00000, 0x00000000fcb80000, 0x0000000100000000)
  eden space 161792K, 0% used [0x00000000eab00000,0x00000000eab00000,0x00000000f4900000)
  from space 21504K, 41% used [0x00000000f4900000,0x00000000f51c14a8,0x00000000f5e00000)
  to   space 29184K, 0% used [0x00000000faf00000,0x00000000faf00000,0x00000000fcb80000)
 ParOldGen       total 349696K, used 31153K [0x00000000c0000000, 0x00000000d5580000, 0x00000000eab00000)
  object space 349696K, 8% used [0x00000000c0000000,0x00000000c1e6c680,0x00000000d5580000)
 Metaspace       used 60579K, capacity 67488K, committed 67864K, reserved 1107968K
  class space    used 8478K, capacity 8878K, committed 9000K, reserved 1048576K
}
Event: 22,790 GC heap before
{Heap before GC invocations=9 (full 3):
 PSYoungGen      total 183296K, used 83908K [0x00000000eab00000, 0x00000000fcb80000, 0x0000000100000000)
  eden space 161792K, 46% used [0x00000000eab00000,0x00000000ef42fc00,0x00000000f4900000)
  from space 21504K, 41% used [0x00000000f4900000,0x00000000f51c14a8,0x00000000f5e00000)
  to   space 29184K, 0% used [0x00000000faf00000,0x00000000faf00000,0x00000000fcb80000)
 ParOldGen       total 349696K, used 31153K [0x00000000c0000000, 0x00000000d5580000, 0x00000000eab00000)
  object space 349696K, 8% used [0x00000000c0000000,0x00000000c1e6c680,0x00000000d5580000)
 Metaspace       used 67113K, capacity 74834K, committed 75160K, reserved 1114112K
  class space    used 9394K, capacity 9821K, committed 9896K, reserved 1048576K
Event: 22,806 GC heap after
Heap after GC invocations=9 (full 3):
 PSYoungGen      total 265216K, used 11060K [0x00000000eab00000, 0x00000000fca80000, 0x0000000100000000)
  eden space 237056K, 0% used [0x00000000eab00000,0x00000000eab00000,0x00000000f9280000)
  from space 28160K, 39% used [0x00000000faf00000,0x00000000fb9cd018,0x00000000fca80000)
  to   space 28672K, 0% used [0x00000000f9280000,0x00000000f9280000,0x00000000fae80000)
 ParOldGen       total 349696K, used 31161K [0x00000000c0000000, 0x00000000d5580000, 0x00000000eab00000)
  object space 349696K, 8% used [0x00000000c0000000,0x00000000c1e6e680,0x00000000d5580000)
 Metaspace       used 67113K, capacity 74834K, committed 75160K, reserved 1114112K
  class space    used 9394K, capacity 9821K, committed 9896K, reserved 1048576K
}
Event: 22,806 GC heap before
{Heap before GC invocations=10 (full 4):
 PSYoungGen      total 265216K, used 11060K [0x00000000eab00000, 0x00000000fca80000, 0x0000000100000000)
  eden space 237056K, 0% used [0x00000000eab00000,0x00000000eab00000,0x00000000f9280000)
  from space 28160K, 39% used [0x00000000faf00000,0x00000000fb9cd018,0x00000000fca80000)
  to   space 28672K, 0% used [0x00000000f9280000,0x00000000f9280000,0x00000000fae80000)
 ParOldGen       total 349696K, used 31161K [0x00000000c0000000, 0x00000000d5580000, 0x00000000eab00000)
  object space 349696K, 8% used [0x00000000c0000000,0x00000000c1e6e680,0x00000000d5580000)
 Metaspace       used 67113K, capacity 74834K, committed 75160K, reserved 1114112K
  class space    used 9394K, capacity 9821K, committed 9896K, reserved 1048576K
Event: 23,028 GC heap after
Heap after GC invocations=10 (full 4):
 PSYoungGen      total 265216K, used 0K [0x00000000eab00000, 0x00000000fca80000, 0x0000000100000000)
  eden space 237056K, 0% used [0x00000000eab00000,0x00000000eab00000,0x00000000f9280000)
  from space 28160K, 0% used [0x00000000faf00000,0x00000000faf00000,0x00000000fca80000)
  to   space 28672K, 0% used [0x00000000f9280000,0x00000000f9280000,0x00000000fae80000)
 ParOldGen       total 349696K, used 40020K [0x00000000c0000000, 0x00000000d5580000, 0x00000000eab00000)
  object space 349696K, 11% used [0x00000000c0000000,0x00000000c27150c8,0x00000000d5580000)
 Metaspace       used 66982K, capacity 74576K, committed 75160K, reserved 1114112K
  class space    used 9347K, capacity 9767K, committed 9896K, reserved 1048576K
}
Event: 23,059 GC heap before
{Heap before GC invocations=11 (full 4):
 PSYoungGen      total 265216K, used 4112K [0x00000000eab00000, 0x00000000fca80000, 0x0000000100000000)
  eden space 237056K, 1% used [0x00000000eab00000,0x00000000eaf04228,0x00000000f9280000)
  from space 28160K, 0% used [0x00000000faf00000,0x00000000faf00000,0x00000000fca80000)
  to   space 28672K, 0% used [0x00000000f9280000,0x00000000f9280000,0x00000000fae80000)
 ParOldGen       total 349696K, used 40020K [0x00000000c0000000, 0x00000000d5580000, 0x00000000eab00000)
  object space 349696K, 11% used [0x00000000c0000000,0x00000000c27150c8,0x00000000d5580000)
 Metaspace       used 66984K, capacity 74576K, committed 75160K, reserved 1114112K
  class space    used 9348K, capacity 9767K, committed 9896K, reserved 1048576K
Event: 23,061 GC heap after
Heap after GC invocations=11 (full 4):
 PSYoungGen      total 265728K, used 64K [0x00000000eab00000, 0x00000000fce80000, 0x0000000100000000)
  eden space 237056K, 0% used [0x00000000eab00000,0x00000000eab00000,0x00000000f9280000)
  from space 28672K, 0% used [0x00000000f9280000,0x00000000f9290000,0x00000000fae80000)
  to   space 30720K, 0% used [0x00000000fb080000,0x00000000fb080000,0x00000000fce80000)
 ParOldGen       total 349696K, used 40020K [0x00000000c0000000, 0x00000000d5580000, 0x00000000eab00000)
  object space 349696K, 11% used [0x00000000c0000000,0x00000000c27150c8,0x00000000d5580000)
 Metaspace       used 66984K, capacity 74576K, committed 75160K, reserved 1114112K
  class space    used 9348K, capacity 9767K, committed 9896K, reserved 1048576K
}
Event: 23,061 GC heap before
{Heap before GC invocations=12 (full 5):
 PSYoungGen      total 265728K, used 64K [0x00000000eab00000, 0x00000000fce80000, 0x0000000100000000)
  eden space 237056K, 0% used [0x00000000eab00000,0x00000000eab00000,0x00000000f9280000)
  from space 28672K, 0% used [0x00000000f9280000,0x00000000f9290000,0x00000000fae80000)
  to   space 30720K, 0% used [0x00000000fb080000,0x00000000fb080000,0x00000000fce80000)
 ParOldGen       total 349696K, used 40020K [0x00000000c0000000, 0x00000000d5580000, 0x00000000eab00000)
  object space 349696K, 11% used [0x00000000c0000000,0x00000000c27150c8,0x00000000d5580000)
 Metaspace       used 66984K, capacity 74576K, committed 75160K, reserved 1114112K
  class space    used 9348K, capacity 9767K, committed 9896K, reserved 1048576K
Event: 23,165 GC heap after
Heap after GC invocations=12 (full 5):
 PSYoungGen      total 265728K, used 0K [0x00000000eab00000, 0x00000000fce80000, 0x0000000100000000)
  eden space 237056K, 0% used [0x00000000eab00000,0x00000000eab00000,0x00000000f9280000)
  from space 28672K, 0% used [0x00000000f9280000,0x00000000f9280000,0x00000000fae80000)
  to   space 30720K, 0% used [0x00000000fb080000,0x00000000fb080000,0x00000000fce80000)
 ParOldGen       total 349696K, used 36750K [0x00000000c0000000, 0x00000000d5580000, 0x00000000eab00000)
  object space 349696K, 10% used [0x00000000c0000000,0x00000000c23e38f0,0x00000000d5580000)
 Metaspace       used 66984K, capacity 74576K, committed 75160K, reserved 1114112K
  class space    used 9348K, capacity 9767K, committed 9896K, reserved 1048576K
}
Event: 34,385 GC heap before
{Heap before GC invocations=13 (full 5):
 PSYoungGen      total 265728K, used 237056K [0x00000000eab00000, 0x00000000fce80000, 0x0000000100000000)
  eden space 237056K, 100% used [0x00000000eab00000,0x00000000f9280000,0x00000000f9280000)
  from space 28672K, 0% used [0x00000000f9280000,0x00000000f9280000,0x00000000fae80000)
  to   space 30720K, 0% used [0x00000000fb080000,0x00000000fb080000,0x00000000fce80000)
 ParOldGen       total 349696K, used 36750K [0x00000000c0000000, 0x00000000d5580000, 0x00000000eab00000)
  object space 349696K, 10% used [0x00000000c0000000,0x00000000c23e38f0,0x00000000d5580000)
 Metaspace       used 71904K, capacity 80458K, committed 80792K, reserved 1120256K
  class space    used 9839K, capacity 10306K, committed 10408K, reserved 1048576K

